<?xml version="1.0" encoding="UTF-8"?>
<!-- Generated by org.testng.reporters.JUnitReportReporter -->
<testsuite hostname="DESKTOP-PONT1JB" failures="0" tests="1" name="com.prm.scripts.LabWorkOrderListingTestCase1" time="43.936" errors="0" timestamp="28 Dec 2022 10:24:59 GMT" skipped="0">
  <testcase classname="com.prm.scripts.LabWorkOrderListingTestCase1" name="checkedLabWorkOrderListUi" time="43.936"/>
</testsuite> <!-- com.prm.scripts.LabWorkOrderListingTestCase1 -->
