<?xml version="1.0" encoding="UTF-8"?>
<!-- Generated by org.testng.reporters.JUnitReportReporter -->
<testsuite hostname="IS-FLX5-VV" failures="0" tests="1" name="com.prm.scripts.AppointmentAddEConsultTestCase" time="41.806" errors="0" timestamp="25 Apr 2023 09:34:05 GMT" skipped="0">
  <testcase classname="com.prm.scripts.AppointmentAddEConsultTestCase" name="bookNewAppointmentEConsult" time="41.806"/>
</testsuite> <!-- com.prm.scripts.AppointmentAddEConsultTestCase -->
