<?xml version="1.0" encoding="UTF-8"?>
<!-- Generated by org.testng.reporters.JUnitReportReporter -->
<testsuite hostname="DESKTOP-PONT1JB" failures="1" tests="19" name="com.prm.scripts.AppointmentListingTestCase" time="9.382" errors="0" timestamp="31 Jan 2023 14:16:02 GMT" skipped="18">
  <testcase classname="com.prm.scripts.AppointmentListingTestCase" name="verifyAppointmentListHomePage" time="9.382">
    <failure message="expected [true] but found [false]" type="java.lang.AssertionError">
      <![CDATA[java.lang.AssertionError: expected [true] but found [false]
at org.testng.Assert.fail(Assert.java:96)
at org.testng.Assert.failNotEquals(Assert.java:776)
at org.testng.Assert.assertTrue(Assert.java:44)
at org.testng.Assert.assertTrue(Assert.java:54)
at com.prm.scripts.AppointmentListingTestCase.verifyAppointmentListHomePage(AppointmentListingTestCase.java:83)
at java.base/jdk.internal.reflect.NativeMethodAccessorImpl.invoke0(Native Method)
at java.base/jdk.internal.reflect.NativeMethodAccessorImpl.invoke(NativeMethodAccessorImpl.java:77)
at java.base/jdk.internal.reflect.DelegatingMethodAccessorImpl.invoke(DelegatingMethodAccessorImpl.java:43)
at java.base/java.lang.reflect.Method.invoke(Method.java:568)
at org.testng.internal.MethodInvocationHelper.invokeMethod(MethodInvocationHelper.java:124)
at org.testng.internal.MethodInvocationHelper.invokeMethodConsideringTimeout(MethodInvocationHelper.java:59)
at org.testng.internal.Invoker.invokeConfigurationMethod(Invoker.java:458)
at org.testng.internal.Invoker.invokeConfigurations(Invoker.java:222)
at org.testng.internal.Invoker.invokeMethod(Invoker.java:523)
at org.testng.internal.Invoker.invokeTestMethod(Invoker.java:719)
at org.testng.internal.Invoker.invokeTestMethods(Invoker.java:989)
at org.testng.internal.TestMethodWorker.invokeTestMethods(TestMethodWorker.java:125)
at org.testng.internal.TestMethodWorker.run(TestMethodWorker.java:109)
at org.testng.TestRunner.privateRun(TestRunner.java:648)
at org.testng.TestRunner.run(TestRunner.java:505)
at org.testng.SuiteRunner.runTest(SuiteRunner.java:455)
at org.testng.SuiteRunner.runSequentially(SuiteRunner.java:450)
at org.testng.SuiteRunner.privateRun(SuiteRunner.java:415)
at org.testng.SuiteRunner.run(SuiteRunner.java:364)
at org.testng.SuiteRunnerWorker.runSuite(SuiteRunnerWorker.java:52)
at org.testng.SuiteRunnerWorker.run(SuiteRunnerWorker.java:84)
at org.testng.TestNG.runSuitesSequentially(TestNG.java:1208)
at org.testng.TestNG.runSuitesLocally(TestNG.java:1137)
at org.testng.TestNG.runSuites(TestNG.java:1049)
at org.testng.TestNG.run(TestNG.java:1017)
at org.testng.remote.AbstractRemoteTestNG.run(AbstractRemoteTestNG.java:115)
at org.testng.remote.RemoteTestNG.initAndRun(RemoteTestNG.java:251)
at org.testng.remote.RemoteTestNG.main(RemoteTestNG.java:77)
]]>
    </failure>
  </testcase> <!-- verifyAppointmentListHomePage -->
  <testcase classname="com.prm.scripts.AppointmentListingTestCase" name="verifyAllElementOnAppListHp" time="0.000">
    <skipped/>
  </testcase> <!-- verifyAllElementOnAppListHp -->
  <testcase classname="com.prm.scripts.AppointmentListingTestCase" name="verifyAppointmentTypeFilter" time="0.000">
    <skipped/>
  </testcase> <!-- verifyAppointmentTypeFilter -->
  <testcase classname="com.prm.scripts.AppointmentListingTestCase" name="verifyDoctorFilter" time="0.000">
    <skipped/>
  </testcase> <!-- verifyDoctorFilter -->
  <testcase classname="com.prm.scripts.AppointmentListingTestCase" name="checkedFrmDateIsBeforeAfterDate" time="0.000">
    <skipped/>
  </testcase> <!-- checkedFrmDateIsBeforeAfterDate -->
  <testcase classname="com.prm.scripts.AppointmentListingTestCase" name="dateFilterAlongWithAppType" time="0.000">
    <skipped/>
  </testcase> <!-- dateFilterAlongWithAppType -->
  <testcase classname="com.prm.scripts.AppointmentListingTestCase" name="verifyViewBtnBehaviour" time="0.000">
    <skipped/>
  </testcase> <!-- verifyViewBtnBehaviour -->
  <testcase classname="com.prm.scripts.AppointmentListingTestCase" name="verifyConfirm" time="0.000">
    <skipped/>
  </testcase> <!-- verifyConfirm -->
  <testcase classname="com.prm.scripts.AppointmentListingTestCase" name="verifyConfirmWithConfirmed" time="0.000">
    <skipped/>
  </testcase> <!-- verifyConfirmWithConfirmed -->
  <testcase classname="com.prm.scripts.AppointmentListingTestCase" name="editAndDeleteValidated" time="0.000">
    <skipped/>
  </testcase> <!-- editAndDeleteValidated -->
  <testcase classname="com.prm.scripts.AppointmentListingTestCase" name="noRecordFoundMsgVerification" time="0.000">
    <skipped/>
  </testcase> <!-- noRecordFoundMsgVerification -->
  <testcase classname="com.prm.scripts.AppointmentListingTestCase" name="verifyMandatoryElementOnEventList" time="0.000">
    <skipped/>
  </testcase> <!-- verifyMandatoryElementOnEventList -->
  <testcase classname="com.prm.scripts.AppointmentListingTestCase" name="verifyActionBtn" time="0.000">
    <skipped/>
  </testcase> <!-- verifyActionBtn -->
  <testcase classname="com.prm.scripts.AppointmentListingTestCase" name="verifyEditBtnOnEvent" time="0.000">
    <skipped/>
  </testcase> <!-- verifyEditBtnOnEvent -->
  <testcase classname="com.prm.scripts.AppointmentListingTestCase" name="behaviourOfDeleteBtn" time="0.000">
    <skipped/>
  </testcase> <!-- behaviourOfDeleteBtn -->
  <testcase classname="com.prm.scripts.AppointmentListingTestCase" name="verifyFrmAndToDateFilter" time="0.000">
    <skipped/>
  </testcase> <!-- verifyFrmAndToDateFilter -->
  <testcase classname="com.prm.scripts.AppointmentListingTestCase" name="checkFrmDateIsNotLaterToToDate" time="0.000">
    <skipped/>
  </testcase> <!-- checkFrmDateIsNotLaterToToDate -->
  <testcase classname="com.prm.scripts.AppointmentListingTestCase" name="verifyDoctorFilterOnEventList" time="0.000">
    <skipped/>
  </testcase> <!-- verifyDoctorFilterOnEventList -->
  <testcase classname="com.prm.scripts.AppointmentListingTestCase" name="verifyFilterOfCategoryType" time="0.000">
    <skipped/>
  </testcase> <!-- verifyFilterOfCategoryType -->
</testsuite> <!-- com.prm.scripts.AppointmentListingTestCase -->
