<?xml version="1.0" encoding="UTF-8"?>
<!-- Generated by org.testng.reporters.JUnitReportReporter -->
<testsuite hostname="DESKTOP-52UKSVS" name="com.prm.scripts.LabWorkOrderListingTestCase2" tests="4" failures="0" timestamp="12 Apr 2020 20:55:28 GMT" time="783.098" errors="0">
  <testcase name="CheckSuspendRelatedAnotherScenerioOnLWO" time="232.538" classname="com.prm.scripts.LabWorkOrderListingTestCase2"/>
  <testcase name="checkByArchRelatedScenario" time="74.445" classname="com.prm.scripts.LabWorkOrderListingTestCase2"/>
  <testcase name="checkSuspendRelatedScenarioOnLabWorkOrder" time="401.689" classname="com.prm.scripts.LabWorkOrderListingTestCase2"/>
  <testcase name="checkbridgeableRelatedScenerio" time="74.426" classname="com.prm.scripts.LabWorkOrderListingTestCase2"/>
</testsuite> <!-- com.prm.scripts.LabWorkOrderListingTestCase2 -->
